<?xml version="1.0" encoding="UTF-8"?>
<!-- Generated by org.testng.reporters.JUnitXMLReporter -->
<testsuite ignored="0" hostname="Air-cua-Tu.lan" failures="1" tests="7" name="Test" time="9.426" errors="0" timestamp="2025-01-11T23:34:54 ICT">
  <testcase classname="TestNG.OrangeHRMTest" name="openApp" time="6.174"/>
  <testcase classname="TestNG.OrangeHRMTest" name="testLogoPresence" time="0.056"/>
  <testcase classname="TestNG.OrangeHRMTest" name="closeApp" time="0.146"/>
  <testcase classname="TestNG.OrangeHRMTest" name="testLogin" time="3.025">
    <failure type="org.openqa.selenium.NoSuchSessionException" message="invalid session id
Build info: version: &amp;apos;4.24.0&amp;apos;, revision: &amp;apos;748ffc9bc3&amp;apos;
System info: os.name: &amp;apos;Mac OS X&amp;apos;, os.arch: &amp;apos;aarch64&amp;apos;, os.version: &amp;apos;14.5&amp;apos;, java.version: &amp;apos;22.0.2&amp;apos;
Driver info: org.openqa.selenium.edge.EdgeDriver
Command: [a05865b190138ff007c6dc9dcbefce5d, findElement {using=xpath, value=//input[@placeholder=&amp;apos;Username&amp;apos;]}]
Capabilities {acceptInsecureCerts: false, browserName: MicrosoftEdge, browserVersion: 131.0.2903.147, fedcm:accounts: true, ms:edgeOptions: {debuggerAddress: localhost:56297}, msedge: {msedgedriverVersion: 131.0.2903.112 (16ab910a6e7..., userDataDir: /var/folders/9w/hv21mw715pd...}, networkConnectionEnabled: false, pageLoadStrategy: normal, platformName: mac, proxy: Proxy(), se:cdp: ws://localhost:56297/devtoo..., se:cdpVersion: 131.0.2903.147, setWindowRect: true, strictFileInteractability: false, timeouts: {implicit: 0, pageLoad: 300000, script: 30000}, unhandledPromptBehavior: dismiss and notify, webauthn:extension:credBlob: true, webauthn:extension:largeBlob: true, webauthn:extension:minPinLength: true, webauthn:extension:prf: true, webauthn:virtualAuthenticators: true}
Session ID: a05865b190138ff007c6dc9dcbefce5d">
      <![CDATA[org.openqa.selenium.NoSuchSessionException: invalid session id
Build info: version: '4.24.0', revision: '748ffc9bc3'
System info: os.name: 'Mac OS X', os.arch: 'aarch64', os.version: '14.5', java.version: '22.0.2'
Driver info: org.openqa.selenium.edge.EdgeDriver
Command: [a05865b190138ff007c6dc9dcbefce5d, findElement {using=xpath, value=//input[@placeholder='Username']}]
Capabilities {acceptInsecureCerts: false, browserName: MicrosoftEdge, browserVersion: 131.0.2903.147, fedcm:accounts: true, ms:edgeOptions: {debuggerAddress: localhost:56297}, msedge: {msedgedriverVersion: 131.0.2903.112 (16ab910a6e7..., userDataDir: /var/folders/9w/hv21mw715pd...}, networkConnectionEnabled: false, pageLoadStrategy: normal, platformName: mac, proxy: Proxy(), se:cdp: ws://localhost:56297/devtoo..., se:cdpVersion: 131.0.2903.147, setWindowRect: true, strictFileInteractability: false, timeouts: {implicit: 0, pageLoad: 300000, script: 30000}, unhandledPromptBehavior: dismiss and notify, webauthn:extension:credBlob: true, webauthn:extension:largeBlob: true, webauthn:extension:minPinLength: true, webauthn:extension:prf: true, webauthn:virtualAuthenticators: true}
Session ID: a05865b190138ff007c6dc9dcbefce5d
at org.openqa.selenium.remote.ErrorCodec.decode(ErrorCodec.java:167)
at org.openqa.selenium.remote.codec.w3c.W3CHttpResponseCodec.decode(W3CHttpResponseCodec.java:138)
at org.openqa.selenium.remote.codec.w3c.W3CHttpResponseCodec.decode(W3CHttpResponseCodec.java:50)
at org.openqa.selenium.remote.HttpCommandExecutor.execute(HttpCommandExecutor.java:190)
at org.openqa.selenium.remote.service.DriverCommandExecutor.invokeExecute(DriverCommandExecutor.java:216)
at org.openqa.selenium.remote.service.DriverCommandExecutor.execute(DriverCommandExecutor.java:174)
at org.openqa.selenium.remote.RemoteWebDriver.execute(RemoteWebDriver.java:545)
at org.openqa.selenium.remote.ElementLocation$ElementFinder$2.findElement(ElementLocation.java:165)
at org.openqa.selenium.remote.ElementLocation.findElement(ElementLocation.java:59)
at org.openqa.selenium.remote.RemoteWebDriver.findElement(RemoteWebDriver.java:368)
at org.openqa.selenium.remote.RemoteWebDriver.findElement(RemoteWebDriver.java:362)
at TestNG.OrangeHRMTest.testLogin(OrangeHRMTest.java:33)
at java.base/java.util.ArrayList.forEach(ArrayList.java:1597)
... Removed 28 stack frames]]>
    </failure>
  </testcase> <!-- testLogin -->
  <testcase classname="TestNG.FirstTestcase" name="openApp" time="0.001"/>
  <testcase classname="TestNG.FirstTestcase" name="login" time="0.001"/>
  <testcase classname="TestNG.FirstTestcase" name="logout" time="0.0"/>
</testsuite> <!-- Test -->
